{"name": "test_logosCheck[tunde-alak-alakowe-kowe@gmail-Testing4-ayadisegun02@gmail.com-Credit2.]", "status": "broken", "statusDetails": {"message": "selenium.common.exceptions.NoSuchElementException: Message: An element could not be located on the page using the given search parameters.; For documentation on this error, please visit: https://www.selenium.dev/documentation/webdriver/troubleshooting/errors#no-such-element-exception\nStacktrace:\nNoSuchElementError: An element could not be located on the page using the given search parameters.\n    at AndroidUiautomator2Driver.findElOrEls (C:\\Users\\Segun\\.appium\\node_modules\\appium-uiautomator2-driver\\node_modules\\appium-android-driver\\lib\\commands\\find.ts:86:11)\n    at processTicksAndRejections (node:internal/process/task_queues:95:5)\n    at AndroidUiautomator2Driver.findElOrElsWithProcessing (C:\\Users\\Segun\\AppData\\Roaming\\npm\\node_modules\\appium\\node_modules\\@appium\\base-driver\\lib\\basedriver\\commands\\find.ts:60:12)\n    at AndroidUiautomator2Driver.findElement (C:\\Users\\Segun\\AppData\\Roaming\\npm\\node_modules\\appium\\node_modules\\@appium\\base-driver\\lib\\basedriver\\commands\\find.ts:75:12)", "trace": "setup_function = <appium.webdriver.webdriver.WebDriver (session=\"7c222311-b25c-45eb-96cb-c5320e76ca66\")>, log = <RootLogger root (WARNING)>\nlog_failure = None, FName = 'tunde', LName = 'alak', UName = 'alakowe', Eml = 'kowe@gmail', PWord = 'Testing4', Email = 'ayadisegun02@gmail.com'\nPd = 'Credit2.'\n\n    @pytest.mark.starters\n    # @pytest.mark.usefixtures(\"log\", \"log_failure\")\n    # @pytest.mark.parametrize(\"FName, LName, UName, Eml, PWord, Email, Pd\", get_Excel_data_path_in_script())\n    def test_logosCheck(setup_function, log, log_failure, FName, LName, UName, Eml, PWord, Email, Pd):\n        global driver\n        global wait\n        driver = setup_function\n        # driver.find_element(By.XPATH, \"//android.widget.Button[@content-desc='Login']\").click()\n        loginIcons = driver.find_elements(AppiumBy.XPATH, \"//android.widget.ImageView\")\n        pytest.assume(loginIcons[0].get_attribute(\"displayed\") == \"true\"), \"931 logo is not displayed\"\n        pytest.assume(loginIcons[1].get_attribute(\"displayed\") == \"true\"), \"Instagram logo is not displayed\"\n        pytest.assume(loginIcons[2].is_displayed), \"FB logo is not displayed\"\n        pytest.assume(loginIcons[3].is_displayed), \"X logo is not displayed\"\n        pytest.assume(driver.find_element(AppiumBy.CLASS_NAME, \"android.widget.Button\").is_displayed), \"poweredBy is not displayed\"\n        appVersion = driver.find_element(AppiumBy.CLASS_NAME, \"android.widget.Button\").get_attribute(\"content-desc\")\n        print(\"931 application version is: \" + appVersion)\n        # emailfield = wait.until(EC.presence_of_element_located((By.XPATH, readconfig(\"locatorLogin\", \"login_emailbox\"))))\n        emailfield = driver.find_element(By.XPATH, readconfig(\"locatorLogin\", \"login_emailbox\"))\n        # pwdfield = wait.until(EC.presence_of_element_located((By.XPATH, readconfig(\"locatorLogin\", \"login_passbox\"))))\n>       pwdfield = driver.find_element(By.XPATH, readconfig(\"locatorLogin\", \"login_passbox\"))\n\ntest_signupLogin.py:50: \n_ _ _ _ _ _ _ _ _ _ _ _ _ _ _ _ _ _ _ _ _ _ _ _ _ _ _ _ _ _ _ _ _ _ _ _ _ _ _ _ _ _ _ _ _ _ _ _ _ _ _ _ _ _ _ _ _ _ _ _ _ _ _ _ _ _ _ _ _ _ _ _ _ _ _ _\nC:\\Program Files\\Python311\\Lib\\site-packages\\selenium\\webdriver\\remote\\webdriver.py:898: in find_element\n    return self.execute(Command.FIND_ELEMENT, {\"using\": by, \"value\": value})[\"value\"]\nC:\\Program Files\\Python311\\Lib\\site-packages\\selenium\\webdriver\\remote\\webdriver.py:429: in execute\n    self.error_handler.check_response(response)\n_ _ _ _ _ _ _ _ _ _ _ _ _ _ _ _ _ _ _ _ _ _ _ _ _ _ _ _ _ _ _ _ _ _ _ _ _ _ _ _ _ _ _ _ _ _ _ _ _ _ _ _ _ _ _ _ _ _ _ _ _ _ _ _ _ _ _ _ _ _ _ _ _ _ _ _\n\nself = <appium.webdriver.errorhandler.MobileErrorHandler object at 0x0000023918878510>\nresponse = {'status': 404, 'value': '{\"value\":{\"error\":\"no such element\",\"message\":\"An element could not be located on the page u...ode_modules\\\\\\\\appium\\\\\\\\node_modules\\\\\\\\@appium\\\\\\\\base-driver\\\\\\\\lib\\\\\\\\basedriver\\\\\\\\commands\\\\\\\\find.ts:75:12)\"}}'}\n\n    def check_response(self, response: Dict[str, Any]) -> None:\n        \"\"\"\n        https://www.w3.org/TR/webdriver/#errors\n        \"\"\"\n        payload = response.get('value', '')\n        if isinstance(payload, dict):\n            payload_dict = payload\n        else:\n            try:\n                payload_dict = json.loads(payload)\n            except (json.JSONDecodeError, TypeError):\n                return\n            if not isinstance(payload_dict, dict):\n                return\n        value = payload_dict.get('value')\n        if not isinstance(value, dict):\n            return\n        error = value.get('error')\n        if not error:\n            return\n    \n        message = value.get('message', error)\n        stacktrace = value.get('stacktrace', '')\n        # In theory, we should also be checking HTTP status codes.\n        # Java client, for example, prints a warning if the actual `error`\n        # value does not match to the response's HTTP status code.\n        exception_class: Type[sel_exceptions.WebDriverException] = ERROR_TO_EXC_MAPPING.get(\n            error, sel_exceptions.WebDriverException\n        )\n        if exception_class is sel_exceptions.WebDriverException and message:\n            if message == 'No such context found.':\n                exception_class = appium_exceptions.NoSuchContextException\n            elif message == 'That command could not be executed in the current context.':\n                exception_class = appium_exceptions.InvalidSwitchToTargetException\n    \n        if exception_class is sel_exceptions.UnexpectedAlertPresentException:\n            raise sel_exceptions.UnexpectedAlertPresentException(\n                msg=message,\n                stacktrace=format_stacktrace(stacktrace),\n                alert_text=value.get('data'),\n            )\n>       raise exception_class(msg=message, stacktrace=format_stacktrace(stacktrace))\nE       selenium.common.exceptions.NoSuchElementException: Message: An element could not be located on the page using the given search parameters.; For documentation on this error, please visit: https://www.selenium.dev/documentation/webdriver/troubleshooting/errors#no-such-element-exception\nE       Stacktrace:\nE       NoSuchElementError: An element could not be located on the page using the given search parameters.\nE           at AndroidUiautomator2Driver.findElOrEls (C:\\Users\\Segun\\.appium\\node_modules\\appium-uiautomator2-driver\\node_modules\\appium-android-driver\\lib\\commands\\find.ts:86:11)\nE           at processTicksAndRejections (node:internal/process/task_queues:95:5)\nE           at AndroidUiautomator2Driver.findElOrElsWithProcessing (C:\\Users\\Segun\\AppData\\Roaming\\npm\\node_modules\\appium\\node_modules\\@appium\\base-driver\\lib\\basedriver\\commands\\find.ts:60:12)\nE           at AndroidUiautomator2Driver.findElement (C:\\Users\\Segun\\AppData\\Roaming\\npm\\node_modules\\appium\\node_modules\\@appium\\base-driver\\lib\\basedriver\\commands\\find.ts:75:12)\n\nC:\\Program Files\\Python311\\Lib\\site-packages\\appium\\webdriver\\errorhandler.py:125: NoSuchElementException"}, "attachments": [{"name": "stdout", "source": "2cc1ca88-af02-465f-be85-7ba76a7a4762-attachment.txt", "type": "text/plain"}], "parameters": [{"name": "FName", "value": "'tunde'"}, {"name": "LName", "value": "'alak'"}, {"name": "UName", "value": "'alakowe'"}, {"name": "Eml", "value": "'kowe@gmail'"}, {"name": "PWord", "value": "'Testing4'"}, {"name": "Email", "value": "'ayadisegun02@gmail.com'"}, {"name": "Pd", "value": "'Credit2.'"}], "start": 1746800492460, "stop": 1746800503152, "uuid": "afaf448a-12fe-4756-b01a-2f679071c05a", "historyId": "aa1098168d75a66e988a50be0d81c7f9", "testCaseId": "b835c8e5fcbbf0477f7f0fc0864c92af", "fullName": "test_signupLogin#test_logosCheck", "labels": [{"name": "tag", "value": "starters"}, {"name": "suite", "value": "test_signupLogin"}, {"name": "host", "value": "Ayadi"}, {"name": "thread", "value": "22480-MainThread"}, {"name": "framework", "value": "pytest"}, {"name": "language", "value": "cpython3"}, {"name": "package", "value": "test_signupLogin"}]}